This is pdfTeX, Version 3.14159265-2.6-1.40.18 (MiKTeX 2.9.6400 64-bit) (preloaded format=pdflatex 2017.10.12)  11 MAY 2019 14:59
entering extended mode
**./AnimalSimilarityReID.tex
(AnimalSimilarityReID.tex
LaTeX2e <2017-04-15>
Babel <3.14> and hyphenation patterns for 75 language(s) loaded.
("C:\Program Files\MiKTeX 2.9\tex\latex\base\article.cls"
Document Class: article 2014/09/29 v1.4h Standard LaTeX document class
("C:\Program Files\MiKTeX 2.9\tex\latex\base\size11.clo"
File: size11.clo 2014/09/29 v1.4h Standard LaTeX file (size option)
)
\c@part=\count79
\c@section=\count80
\c@subsection=\count81
\c@subsubsection=\count82
\c@paragraph=\count83
\c@subparagraph=\count84
\c@figure=\count85
\c@table=\count86
\abovecaptionskip=\skip41
\belowcaptionskip=\skip42
\bibindent=\dimen102
)
(C:\Users\stefa\AppData\Roaming\MiKTeX\2.9\tex\latex\preprint\fullpage.sty
Package: fullpage 1999/02/23 1.1 (PWD)
\FP@margin=\skip43
)
("C:\Program Files\MiKTeX 2.9\tex\latex\graphics\graphicx.sty"
Package: graphicx 2017/06/01 v1.1a Enhanced LaTeX Graphics (DPC,SPQR)

("C:\Program Files\MiKTeX 2.9\tex\latex\graphics\keyval.sty"
Package: keyval 2014/10/28 v1.15 key=value parser (DPC)
\KV@toks@=\toks14
)
("C:\Program Files\MiKTeX 2.9\tex\latex\graphics\graphics.sty"
Package: graphics 2017/06/25 v1.2c Standard LaTeX Graphics (DPC,SPQR)

("C:\Program Files\MiKTeX 2.9\tex\latex\graphics\trig.sty"
Package: trig 2016/01/03 v1.10 sin cos tan (DPC)
)
("C:\Program Files\MiKTeX 2.9\tex\latex\graphics-cfg\graphics.cfg"
File: graphics.cfg 2016/06/04 v1.11 sample graphics configuration
)
Package graphics Info: Driver file: pdftex.def on input line 99.

("C:\Program Files\MiKTeX 2.9\tex\latex\graphics-def\pdftex.def"
File: pdftex.def 2017/06/24 v1.0g Graphics/color driver for pdftex
))
\Gin@req@height=\dimen103
\Gin@req@width=\dimen104
)
(C:\Users\stefa\AppData\Roaming\MiKTeX\2.9\tex\latex\wrapfig\wrapfig.sty
\wrapoverhang=\dimen105
\WF@size=\dimen106
\c@WF@wrappedlines=\count87
\WF@box=\box26
\WF@everypar=\toks15
Package: wrapfig 2003/01/31  v 3.6
)
(C:\Users\stefa\AppData\Roaming\MiKTeX\2.9\tex\latex\cite\cite.sty
LaTeX Info: Redefining \cite on input line 302.
LaTeX Info: Redefining \nocite on input line 332.
Package: cite 2015/02/27  v 5.5
)
("C:\Program Files\MiKTeX 2.9\tex\latex\hyperref\hyperref.sty"
Package: hyperref 2017/03/14 v6.85a Hypertext links for LaTeX

("C:\Program Files\MiKTeX 2.9\tex\generic\oberdiek\hobsub-hyperref.sty"
Package: hobsub-hyperref 2016/05/16 v1.14 Bundle oberdiek, subset hyperref (HO)


("C:\Program Files\MiKTeX 2.9\tex\generic\oberdiek\hobsub-generic.sty"
Package: hobsub-generic 2016/05/16 v1.14 Bundle oberdiek, subset generic (HO)
Package: hobsub 2016/05/16 v1.14 Construct package bundles (HO)
Package: infwarerr 2016/05/16 v1.4 Providing info/warning/error messages (HO)
Package: ltxcmds 2016/05/16 v1.23 LaTeX kernel commands for general use (HO)
Package: ifluatex 2016/05/16 v1.4 Provides the ifluatex switch (HO)
Package ifluatex Info: LuaTeX not detected.
Package: ifvtex 2016/05/16 v1.6 Detect VTeX and its facilities (HO)
Package ifvtex Info: VTeX not detected.
Package: intcalc 2016/05/16 v1.2 Expandable calculations with integers (HO)
Package: ifpdf 2017/03/15 v3.2 Provides the ifpdf switch
Package: etexcmds 2016/05/16 v1.6 Avoid name clashes with e-TeX commands (HO)
Package etexcmds Info: Could not find \expanded.
(etexcmds)             That can mean that you are not using pdfTeX 1.50 or
(etexcmds)             that some package has redefined \expanded.
(etexcmds)             In the latter case, load this package earlier.
Package: kvsetkeys 2016/05/16 v1.17 Key value parser (HO)
Package: kvdefinekeys 2016/05/16 v1.4 Define keys (HO)
Package: pdftexcmds 2017/03/19 v0.25 Utility functions of pdfTeX for LuaTeX (HO
)
Package pdftexcmds Info: LuaTeX not detected.
Package pdftexcmds Info: \pdf@primitive is available.
Package pdftexcmds Info: \pdf@ifprimitive is available.
Package pdftexcmds Info: \pdfdraftmode found.
Package: pdfescape 2016/05/16 v1.14 Implements pdfTeX's escape features (HO)
Package: bigintcalc 2016/05/16 v1.4 Expandable calculations on big integers (HO
)
Package: bitset 2016/05/16 v1.2 Handle bit-vector datatype (HO)
Package: uniquecounter 2016/05/16 v1.3 Provide unlimited unique counter (HO)
)
Package hobsub Info: Skipping package `hobsub' (already loaded).
Package: letltxmacro 2016/05/16 v1.5 Let assignment for LaTeX macros (HO)
Package: hopatch 2016/05/16 v1.3 Wrapper for package hooks (HO)
Package: xcolor-patch 2016/05/16 xcolor patch
Package: atveryend 2016/05/16 v1.9 Hooks at the very end of document (HO)
Package atveryend Info: \enddocument detected (standard20110627).
Package: atbegshi 2016/06/09 v1.18 At begin shipout hook (HO)
Package: refcount 2016/05/16 v3.5 Data extraction from label references (HO)
Package: hycolor 2016/05/16 v1.8 Color options for hyperref/bookmark (HO)
)
("C:\Program Files\MiKTeX 2.9\tex\generic\ifxetex\ifxetex.sty"
Package: ifxetex 2010/09/12 v0.6 Provides ifxetex conditional
)
("C:\Program Files\MiKTeX 2.9\tex\latex\oberdiek\auxhook.sty"
Package: auxhook 2016/05/16 v1.4 Hooks for auxiliary files (HO)
)
("C:\Program Files\MiKTeX 2.9\tex\latex\oberdiek\kvoptions.sty"
Package: kvoptions 2016/05/16 v3.12 Key value format for package options (HO)
)
\@linkdim=\dimen107
\Hy@linkcounter=\count88
\Hy@pagecounter=\count89

("C:\Program Files\MiKTeX 2.9\tex\latex\hyperref\pd1enc.def"
File: pd1enc.def 2017/03/14 v6.85a Hyperref: PDFDocEncoding definition (HO)
)
\Hy@SavedSpaceFactor=\count90

("C:\Program Files\MiKTeX 2.9\tex\latex\00miktex\hyperref.cfg"
File: hyperref.cfg 2002/06/06 v1.2 hyperref configuration of TeXLive
)
Package hyperref Info: Hyper figures OFF on input line 4498.
Package hyperref Info: Link nesting OFF on input line 4503.
Package hyperref Info: Hyper index ON on input line 4506.
Package hyperref Info: Plain pages OFF on input line 4513.
Package hyperref Info: Backreferencing OFF on input line 4518.
Package hyperref Info: Implicit mode ON; LaTeX internals redefined.
Package hyperref Info: Bookmarks ON on input line 4751.
\c@Hy@tempcnt=\count91

(C:\Users\stefa\AppData\Roaming\MiKTeX\2.9\tex\latex\url\url.sty
\Urlmuskip=\muskip10
Package: url 2013/09/16  ver 3.4  Verb mode for urls, etc.
)
LaTeX Info: Redefining \url on input line 5104.
\XeTeXLinkMargin=\dimen108
\Fld@menulength=\count92
\Field@Width=\dimen109
\Fld@charsize=\dimen110
Package hyperref Info: Hyper figures OFF on input line 6358.
Package hyperref Info: Link nesting OFF on input line 6363.
Package hyperref Info: Hyper index ON on input line 6366.
Package hyperref Info: backreferencing OFF on input line 6373.
Package hyperref Info: Link coloring OFF on input line 6378.
Package hyperref Info: Link coloring with OCG OFF on input line 6383.
Package hyperref Info: PDF/A mode OFF on input line 6388.
LaTeX Info: Redefining \ref on input line 6428.
LaTeX Info: Redefining \pageref on input line 6432.
\Hy@abspage=\count93
\c@Item=\count94
\c@Hfootnote=\count95
)

Package hyperref Message: Driver (autodetected): hpdftex.

("C:\Program Files\MiKTeX 2.9\tex\latex\hyperref\hpdftex.def"
File: hpdftex.def 2017/03/14 v6.85a Hyperref driver for pdfTeX
\Fld@listcount=\count96
\c@bookmark@seq@number=\count97

("C:\Program Files\MiKTeX 2.9\tex\latex\oberdiek\rerunfilecheck.sty"
Package: rerunfilecheck 2016/05/16 v1.8 Rerun checks for auxiliary files (HO)
Package uniquecounter Info: New unique counter `rerunfilecheck' on input line 2
82.
)
\Hy@SectionHShift=\skip44
)
(AnimalSimilarityReID.aux)
\openout1 = `AnimalSimilarityReID.aux'.

LaTeX Font Info:    Checking defaults for OML/cmm/m/it on input line 17.
LaTeX Font Info:    ... okay on input line 17.
LaTeX Font Info:    Checking defaults for T1/cmr/m/n on input line 17.
LaTeX Font Info:    ... okay on input line 17.
LaTeX Font Info:    Checking defaults for OT1/cmr/m/n on input line 17.
LaTeX Font Info:    ... okay on input line 17.
LaTeX Font Info:    Checking defaults for OMS/cmsy/m/n on input line 17.
LaTeX Font Info:    ... okay on input line 17.
LaTeX Font Info:    Checking defaults for OMX/cmex/m/n on input line 17.
LaTeX Font Info:    ... okay on input line 17.
LaTeX Font Info:    Checking defaults for U/cmr/m/n on input line 17.
LaTeX Font Info:    ... okay on input line 17.
LaTeX Font Info:    Checking defaults for PD1/pdf/m/n on input line 17.
LaTeX Font Info:    ... okay on input line 17.

(C:\Users\stefa\AppData\Roaming\MiKTeX\2.9\tex\context\base\supp-pdf.mkii
[Loading MPS to PDF converter (version 2006.09.02).]
\scratchcounter=\count98
\scratchdimen=\dimen111
\scratchbox=\box27
\nofMPsegments=\count99
\nofMParguments=\count100
\everyMPshowfont=\toks16
\MPscratchCnt=\count101
\MPscratchDim=\dimen112
\MPnumerator=\count102
\makeMPintoPDFobject=\count103
\everyMPtoPDFconversion=\toks17
) ("C:\Program Files\MiKTeX 2.9\tex\latex\oberdiek\epstopdf-base.sty"
Package: epstopdf-base 2016/05/15 v2.6 Base part for package epstopdf

("C:\Program Files\MiKTeX 2.9\tex\latex\oberdiek\grfext.sty"
Package: grfext 2016/05/16 v1.2 Manage graphics extensions (HO)
)
Package epstopdf-base Info: Redefining graphics rule for `.eps' on input line 4
38.
Package grfext Info: Graphics extension search list:
(grfext)             [.pdf,.png,.jpg,.mps,.jpeg,.jbig2,.jb2,.PDF,.PNG,.JPG,.JPE
G,.JBIG2,.JB2,.eps]
(grfext)             \AppendGraphicsExtensions on input line 456.
)
\AtBeginShipoutBox=\box28
Package hyperref Info: Link coloring OFF on input line 17.

("C:\Program Files\MiKTeX 2.9\tex\latex\hyperref\nameref.sty"
Package: nameref 2016/05/21 v2.44 Cross-referencing by name of section

("C:\Program Files\MiKTeX 2.9\tex\generic\oberdiek\gettitlestring.sty"
Package: gettitlestring 2016/05/16 v1.5 Cleanup title references (HO)
)
\c@section@level=\count104
)
LaTeX Info: Redefining \ref on input line 17.
LaTeX Info: Redefining \pageref on input line 17.
LaTeX Info: Redefining \nameref on input line 17.

(AnimalSimilarityReID.out) (AnimalSimilarityReID.out)
\@outlinefile=\write3
\openout3 = `AnimalSimilarityReID.out'.

LaTeX Font Info:    External font `cmex10' loaded for size
(Font)              <12> on input line 19.
LaTeX Font Info:    External font `cmex10' loaded for size
(Font)              <8> on input line 19.
LaTeX Font Info:    External font `cmex10' loaded for size
(Font)              <6> on input line 19.

Underfull \hbox (badness 10000) in paragraph at lines 20--22

 []

[1

{C:/Users/stefa/AppData/Local/MiKTeX/2.9/pdftex/config/pdftex.map}] [2]
Underfull \hbox (badness 10000) in paragraph at lines 30--43

 []


Underfull \hbox (badness 10000) in paragraph at lines 30--43

 []


Underfull \hbox (badness 10000) in paragraph at lines 30--43

 []


Underfull \hbox (badness 10000) in paragraph at lines 30--43

 []


Underfull \hbox (badness 10000) in paragraph at lines 48--67

 []


Underfull \hbox (badness 10000) in paragraph at lines 48--67

 []


Underfull \hbox (badness 10000) in paragraph at lines 48--67

 []


Underfull \hbox (badness 10000) in paragraph at lines 48--67

 []


Underfull \hbox (badness 10000) in paragraph at lines 48--67

 []


Underfull \hbox (badness 10000) in paragraph at lines 48--67

 []

[3] [4]
Underfull \hbox (badness 10000) in paragraph at lines 71--75

 []

LaTeX Font Info:    Try loading font information for OMS+cmr on input line 77.
("C:\Program Files\MiKTeX 2.9\tex\latex\base\omscmr.fd"
File: omscmr.fd 2014/09/29 v2.5h Standard LaTeX font definitions
)
LaTeX Font Info:    Font shape `OMS/cmr/m/n' in size <10.95> not available
(Font)              Font shape `OMS/cmsy/m/n' tried instead on input line 77.
 [5]
Underfull \hbox (badness 10000) in paragraph at lines 84--87

 []

<FaceScrub.jpg, id=103, 304.7385pt x 114.4275pt>
File: FaceScrub.jpg Graphic file (type jpg)
<use FaceScrub.jpg>
Package pdftex.def Info: FaceScrub.jpg  used on input line 90. on input line 90
.
Package pdftex.def Info: Requested size: 231.26378pt x 86.83833pt on input line
 90.

Underfull \hbox (badness 1708) in paragraph at lines 95--104
\OT1/cmr/m/n/10.95 of im-ages, the val-i-da-tion set 21,231 pairs
 []


Underfull \hbox (badness 2277) in paragraph at lines 95--104
\OT1/cmr/m/n/10.95 of im-ages, and the test set 32,398 pairs
 []


Underfull \hbox (badness 2376) in paragraph at lines 95--104
\OT1/cmr/m/n/10.95 of im-ages cre-ated by con-sid-er-ing 16 ran-
 []


Underfull \hbox (badness 10000) in paragraph at lines 95--104

 []


Underfull \hbox (badness 10000) in paragraph at lines 95--104

 []


Underfull \hbox (badness 10000) in paragraph at lines 95--104

 []

[6 <./FaceScrub.jpg>]
<ChimpanzeeExamples.png, id=116, 574.145pt x 247.92625pt>
File: ChimpanzeeExamples.png Graphic file (type png)
<use ChimpanzeeExamples.png>
Package pdftex.def Info: ChimpanzeeExamples.png  used on input line 107. on inp
ut line 107.
Package pdftex.def Info: Requested size: 216.81pt x 93.62279pt on input line 10
7.

Underfull \hbox (badness 10000) in paragraph at lines 112--115

 []

<FruitFlyExamples.png, id=118, 578.16pt x 289.08pt>
File: FruitFlyExamples.png Graphic file (type png)
<use FruitFlyExamples.png>
Package pdftex.def Info: FruitFlyExamples.png  used on input line 118. on input
 line 118.
Package pdftex.def Info: Requested size: 303.53377pt x 151.76485pt on input lin
e 118.

Overfull \hbox (21.6779pt too wide) in paragraph at lines 118--119
 []
 []


Underfull \hbox (badness 10000) in paragraph at lines 123--131

 []


Underfull \hbox (badness 10000) in paragraph at lines 123--131

 []

[7 <./ChimpanzeeExamples.png> <./FruitFlyExamples.png>]
Underfull \hbox (badness 10000) in paragraph at lines 134--139

 []


Underfull \hbox (badness 10000) in paragraph at lines 134--139

 []

<ChimpanzeeComparison.png, id=131, 168.63pt x 696.6025pt>
File: ChimpanzeeComparison.png Graphic file (type png)
<use ChimpanzeeComparison.png>
Package pdftex.def Info: ChimpanzeeComparison.png  used on input line 142. on i
nput line 142.
Package pdftex.def Info: Requested size: 144.54pt x 597.10005pt on input line 1
42.

LaTeX Warning: Float too large for page by 27.99922pt on input line 145.


Underfull \hbox (badness 10000) in paragraph at lines 147--161

 []


Underfull \hbox (badness 10000) in paragraph at lines 147--161

 []


Underfull \hbox (badness 10000) in paragraph at lines 147--161

 []


Underfull \hbox (badness 10000) in paragraph at lines 147--161

 []

[8] [9 <./ChimpanzeeComparison.png>]
Underfull \hbox (badness 10000) in paragraph at lines 163--176

 []


Underfull \hbox (badness 10000) in paragraph at lines 163--176

 []


Underfull \hbox (badness 10000) in paragraph at lines 163--176

 []


Underfull \hbox (badness 10000) in paragraph at lines 163--176

 []

[10] [11]
Underfull \hbox (badness 10000) in paragraph at lines 183--190

 []


Underfull \hbox (badness 10000) in paragraph at lines 183--190

 []

[12]
LaTeX Font Info:    External font `cmex10' loaded for size
(Font)              <10.95> on input line 197.
 [13]
<ChimpAcc.png, id=191, 462.528pt x 346.896pt>
File: ChimpAcc.png Graphic file (type png)
<use ChimpAcc.png>
Package pdftex.def Info: ChimpAcc.png  used on input line 232. on input line 23
2.
Package pdftex.def Info: Requested size: 483.69684pt x 362.79062pt on input lin
e 232.

Overfull \hbox (13.94182pt too wide) in paragraph at lines 232--233
[][] 
 []

<HumpbackWhaleAccuracy.png, id=192, 462.528pt x 346.896pt>
File: HumpbackWhaleAccuracy.png Graphic file (type png)
<use HumpbackWhaleAccuracy.png>
Package pdftex.def Info: HumpbackWhaleAccuracy.png  used on input line 237. on 
input line 237.
Package pdftex.def Info: Requested size: 483.69684pt x 362.79062pt on input lin
e 237.

Overfull \hbox (13.94182pt too wide) in paragraph at lines 237--238
[][] 
 []

<OctopusAccuracy.png, id=193, 462.528pt x 346.896pt>
File: OctopusAccuracy.png Graphic file (type png)
<use OctopusAccuracy.png>
Package pdftex.def Info: OctopusAccuracy.png  used on input line 242. on input 
line 242.
Package pdftex.def Info: Requested size: 483.69684pt x 362.79062pt on input lin
e 242.

Overfull \hbox (13.94182pt too wide) in paragraph at lines 242--243
[][] 
 []

[14] [15 <./ChimpAcc.png>] [16 <./HumpbackWhaleAccuracy.png>] [17 <./OctopusAcc
uracy.png>] (AnimalSimilarityReID.bbl [18

]
Underfull \hbox (badness 10000) in paragraph at lines 141--144
[]\OT1/cmr/m/n/10.95 ``Humpback whale iden-ti-fi-ca-tion chal-lenge,'' []$https
 : / / www . kaggle . com / c /
 []

Missing character: There is no â in font cmr10!
Missing character: There is no € in font cmr10!
Missing character: There is no ™ in font cmr10!
[19])
Package atveryend Info: Empty hook `BeforeClearDocument' on input line 252.
 [20]
Package atveryend Info: Empty hook `AfterLastShipout' on input line 252.
 (AnimalSimilarityReID.aux)
Package atveryend Info: Executing hook `AtVeryEndDocument' on input line 252.
Package atveryend Info: Executing hook `AtEndAfterFileList' on input line 252.
Package rerunfilecheck Info: File `AnimalSimilarityReID.out' has not changed.
(rerunfilecheck)             Checksum: D41D8CD98F00B204E9800998ECF8427E;0.
Package atveryend Info: Empty hook `AtVeryVeryEnd' on input line 252.
 ) 
Here is how much of TeX's memory you used:
 5359 strings out of 493318
 80010 string characters out of 3138997
 174154 words of memory out of 3000000
 8793 multiletter control sequences out of 15000+200000
 8850 words of font info for 31 fonts, out of 3000000 for 9000
 1141 hyphenation exceptions out of 8191
 28i,9n,25p,1624b,438s stack positions out of 5000i,500n,10000p,200000b,50000s
<C:/Program Files/MiKTeX 2.9/fonts/type1/public/amsfonts/cm/cmbx10.pfb><C:/Pr
ogram Files/MiKTeX 2.9/fonts/type1/public/amsfonts/cm/cmbx12.pfb><C:/Program Fi
les/MiKTeX 2.9/fonts/type1/public/amsfonts/cm/cmr10.pfb><C:/Program Files/MiKTe
X 2.9/fonts/type1/public/amsfonts/cm/cmr12.pfb><C:/Program Files/MiKTeX 2.9/fon
ts/type1/public/amsfonts/cm/cmr17.pfb><C:/Program Files/MiKTeX 2.9/fonts/type1/
public/amsfonts/cm/cmsy10.pfb><C:/Program Files/MiKTeX 2.9/fonts/type1/public/a
msfonts/cm/cmti10.pfb>
Output written on AnimalSimilarityReID.pdf (20 pages, 2271203 bytes).
PDF statistics:
 276 PDF objects out of 1000 (max. 8388607)
 76 named destinations out of 1000 (max. 500000)
 36 words of extra memory for PDF output out of 10000 (max. 10000000)

